<?xml version="1.0" encoding="UTF-8"?>
<testsuite xmlns:xsi="http://www.w3.org/2001/XMLSchema-instance" xsi:noNamespaceSchemaLocation="https://maven.apache.org/surefire/maven-surefire-plugin/xsd/surefire-test-report.xsd" name="TestSuite" time="122.628" tests="13" errors="0" skipped="0" failures="3">
  <properties>
[...]
</properties>
  <testcase name="apple" classname="ihg.PriAttributesTest" time="0.025"/>
  <testcase name="banana" classname="ihg.PriAttributesTest" time="0.01"/>
  <testcase name="dragonfruit" classname="ihg.PriAttributesTest" time="0.005"/>
  <testcase name="grapes" classname="ihg.PriAttributesTest" time="0.002"/>
  <testcase name="one" classname="ihg.AttriTest" time="0.001"/>
  <testcase name="two" classname="ihg.AttriTest" time="0.001"/>
  <testcase name="three" classname="ihg.AttriTest" time="0.006"/>
  <testcase name="rama" classname="ihg.IHGJoinPageTest" time="91.994">
    <failure message="timeout: Timed out receiving message from renderer: 10.000&#10;  (Session info: chrome=87.0.4280.88)&#10;Build info: version: &apos;3.141.59&apos;, revision: &apos;e82be7d358&apos;, time: &apos;2018-11-14T08:17:03&apos;&#10;System info: host: &apos;DESKTOP-5AG83FG&apos;, ip: &apos;192.168.1.105&apos;, os.name: &apos;Windows 10&apos;, os.arch: &apos;amd64&apos;, os.version: &apos;10.0&apos;, java.version: &apos;1.8.0_241&apos;&#10;Driver info: org.openqa.selenium.chrome.ChromeDriver&#10;Capabilities {acceptInsecureCerts: false, browserName: chrome, browserVersion: 87.0.4280.88, chrome: {chromedriverVersion: 86.0.4240.22 (398b0743353ff..., userDataDir: C:\Users\Avinash\AppData\Lo...}, goog:chromeOptions: {debuggerAddress: localhost:50768}, javascriptEnabled: true, networkConnectionEnabled: false, pageLoadStrategy: normal, platform: WINDOWS, platformName: WINDOWS, proxy: Proxy(), setWindowRect: true, strictFileInteractability: false, timeouts: {implicit: 0, pageLoad: 300000, script: 30000}, unhandledPromptBehavior: dismiss and notify, webauthn:virtualAuthenticators: true}&#10;Session ID: 6b25a9c108986da4a86e129a7be550ef" type="org.openqa.selenium.TimeoutException">org.openqa.selenium.TimeoutException: 
timeout: Timed out receiving message from renderer: 10.000
  (Session info: chrome=87.0.4280.88)
Build info: version: '3.141.59', revision: 'e82be7d358', time: '2018-11-14T08:17:03'
System info: host: 'DESKTOP-5AG83FG', ip: '192.168.1.105', os.name: 'Windows 10', os.arch: 'amd64', os.version: '10.0', java.version: '1.8.0_241'
Driver info: org.openqa.selenium.chrome.ChromeDriver
Capabilities {acceptInsecureCerts: false, browserName: chrome, browserVersion: 87.0.4280.88, chrome: {chromedriverVersion: 86.0.4240.22 (398b0743353ff..., userDataDir: C:\Users\Avinash\AppData\Lo...}, goog:chromeOptions: {debuggerAddress: localhost:50768}, javascriptEnabled: true, networkConnectionEnabled: false, pageLoadStrategy: normal, platform: WINDOWS, platformName: WINDOWS, proxy: Proxy(), setWindowRect: true, strictFileInteractability: false, timeouts: {implicit: 0, pageLoad: 300000, script: 30000}, unhandledPromptBehavior: dismiss and notify, webauthn:virtualAuthenticators: true}
Session ID: 6b25a9c108986da4a86e129a7be550ef
	at ihg.IHGJoinPageTest.rama(IHGJoinPageTest.java:38)
</failure>
    <system-out><![CDATA[Join IHG® Rewards Club Hotel Rewards Program | Enroll to earn free nights with IHG's Hotel Points Program
https://www.ihg.com/rewardsclub/us/en/enrollment/join
Join IHG® Rewards Club Hotel Rewards Program | Enroll to earn free nights with IHG's Hotel Points Program
https://www.ihg.com/rewardsclub/us/en/enrollment/join
]]></system-out>
    <system-err><![CDATA[Starting ChromeDriver 86.0.4240.22 (398b0743353ff36fb1b82468f63a3a93b4e2e89e-refs/branch-heads/4240@{#378}) on port 17727
Only local connections are allowed.
Please see https://chromedriver.chromium.org/security-considerations for suggestions on keeping ChromeDriver safe.
ChromeDriver was started successfully.
Starting ChromeDriver 86.0.4240.22 (398b0743353ff36fb1b82468f63a3a93b4e2e89e-refs/branch-heads/4240@{#378}) on port 19024
Only local connections are allowed.
Please see https://chromedriver.chromium.org/security-considerations for suggestions on keeping ChromeDriver safe.
ChromeDriver was started successfully.
[1607307197.549][WARNING]: This version of ChromeDriver has not been tested with Chrome version 87.
[1607307198.279][WARNING]: This version of ChromeDriver has not been tested with Chrome version 87.
Dec 07, 2020 7:43:18 AM org.openqa.selenium.remote.ProtocolHandshake createSession
INFO: Detected dialect: W3C
Dec 07, 2020 7:43:19 AM org.openqa.selenium.remote.ProtocolHandshake createSession
INFO: Detected dialect: W3C
[1607307235.898][SEVERE]: Timed out receiving message from renderer: 10.000
[1607307235.899][WARNING]: screenshot failed, retrying timeout: Timed out receiving message from renderer: 10.000
[1607307236.110][SEVERE]: Timed out receiving message from renderer: 10.000
[1607307236.111][WARNING]: screenshot failed, retrying timeout: Timed out receiving message from renderer: 10.000
[1607307245.899][SEVERE]: Timed out receiving message from renderer: 10.000
[1607307246.111][SEVERE]: Timed out receiving message from renderer: 10.000
[1607307255.905][SEVERE]: Timed out receiving message from renderer: 10.000
[1607307255.906][WARNING]: screenshot failed, retrying timeout: Timed out receiving message from renderer: 10.000
[1607307256.118][SEVERE]: Timed out receiving message from renderer: 10.000
[1607307256.119][WARNING]: screenshot failed, retrying timeout: Timed out receiving message from renderer: 10.000
[1607307265.906][SEVERE]: Timed out receiving message from renderer: 10.000
[1607307266.119][SEVERE]: Timed out receiving message from renderer: 10.000
[1607307275.910][SEVERE]: Timed out receiving message from renderer: 10.000
[1607307275.910][WARNING]: screenshot failed, retrying timeout: Timed out receiving message from renderer: 10.000
[1607307276.127][SEVERE]: Timed out receiving message from renderer: 10.000
[1607307276.127][WARNING]: screenshot failed, retrying timeout: Timed out receiving message from renderer: 10.000
[1607307285.910][SEVERE]: Timed out receiving message from renderer: 10.000
[1607307286.128][SEVERE]: Timed out receiving message from renderer: 10.000
]]></system-err>
  </testcase>
  <testcase name="rama" classname="ihg.SampleTest" time="91.995">
    <failure message="timeout: Timed out receiving message from renderer: 10.000&#10;  (Session info: chrome=87.0.4280.88)&#10;Build info: version: &apos;3.141.59&apos;, revision: &apos;e82be7d358&apos;, time: &apos;2018-11-14T08:17:03&apos;&#10;System info: host: &apos;DESKTOP-5AG83FG&apos;, ip: &apos;192.168.1.105&apos;, os.name: &apos;Windows 10&apos;, os.arch: &apos;amd64&apos;, os.version: &apos;10.0&apos;, java.version: &apos;1.8.0_241&apos;&#10;Driver info: org.openqa.selenium.chrome.ChromeDriver&#10;Capabilities {acceptInsecureCerts: false, browserName: chrome, browserVersion: 87.0.4280.88, chrome: {chromedriverVersion: 86.0.4240.22 (398b0743353ff..., userDataDir: C:\Users\Avinash\AppData\Lo...}, goog:chromeOptions: {debuggerAddress: localhost:50775}, javascriptEnabled: true, networkConnectionEnabled: false, pageLoadStrategy: normal, platform: WINDOWS, platformName: WINDOWS, proxy: Proxy(), setWindowRect: true, strictFileInteractability: false, timeouts: {implicit: 0, pageLoad: 300000, script: 30000}, unhandledPromptBehavior: dismiss and notify, webauthn:virtualAuthenticators: true}&#10;Session ID: 12272222b6f1b39825dc80ae444c27e4" type="org.openqa.selenium.TimeoutException">org.openqa.selenium.TimeoutException: 
timeout: Timed out receiving message from renderer: 10.000
  (Session info: chrome=87.0.4280.88)
Build info: version: '3.141.59', revision: 'e82be7d358', time: '2018-11-14T08:17:03'
System info: host: 'DESKTOP-5AG83FG', ip: '192.168.1.105', os.name: 'Windows 10', os.arch: 'amd64', os.version: '10.0', java.version: '1.8.0_241'
Driver info: org.openqa.selenium.chrome.ChromeDriver
Capabilities {acceptInsecureCerts: false, browserName: chrome, browserVersion: 87.0.4280.88, chrome: {chromedriverVersion: 86.0.4240.22 (398b0743353ff..., userDataDir: C:\Users\Avinash\AppData\Lo...}, goog:chromeOptions: {debuggerAddress: localhost:50775}, javascriptEnabled: true, networkConnectionEnabled: false, pageLoadStrategy: normal, platform: WINDOWS, platformName: WINDOWS, proxy: Proxy(), setWindowRect: true, strictFileInteractability: false, timeouts: {implicit: 0, pageLoad: 300000, script: 30000}, unhandledPromptBehavior: dismiss and notify, webauthn:virtualAuthenticators: true}
Session ID: 12272222b6f1b39825dc80ae444c27e4
</failure>
  </testcase>
  <testcase name="hari" classname="ihg.SampleTest" time="8.664"/>
  <testcase name="login" classname="ihg.TC02Test" time="5.439"/>
  <testcase name="ihg" classname="ihg.TC01Test" time="6.027"/>
  <testcase name="aryal" classname="ihg.OnlineWebSite" time="8.916">
    <failure message="no such element: Unable to locate element: {&quot;method&quot;:&quot;xpath&quot;,&quot;selector&quot;:&quot;//span[text()=&apos;Take the Home Style Quiz&apos;]&quot;}&#10;  (Session info: chrome=87.0.4280.88)&#10;For documentation on this error, please visit: https://www.seleniumhq.org/exceptions/no_such_element.html&#10;Build info: version: &apos;3.141.59&apos;, revision: &apos;e82be7d358&apos;, time: &apos;2018-11-14T08:17:03&apos;&#10;System info: host: &apos;DESKTOP-5AG83FG&apos;, ip: &apos;192.168.1.105&apos;, os.name: &apos;Windows 10&apos;, os.arch: &apos;amd64&apos;, os.version: &apos;10.0&apos;, java.version: &apos;1.8.0_241&apos;&#10;Driver info: org.openqa.selenium.chrome.ChromeDriver&#10;Capabilities {acceptInsecureCerts: false, browserName: chrome, browserVersion: 87.0.4280.88, chrome: {chromedriverVersion: 86.0.4240.22 (398b0743353ff..., userDataDir: C:\Users\Avinash\AppData\Lo...}, goog:chromeOptions: {debuggerAddress: localhost:51325}, javascriptEnabled: true, networkConnectionEnabled: false, pageLoadStrategy: normal, platform: WINDOWS, platformName: WINDOWS, proxy: Proxy(), setWindowRect: true, strictFileInteractability: false, timeouts: {implicit: 0, pageLoad: 300000, script: 30000}, unhandledPromptBehavior: dismiss and notify, webauthn:virtualAuthenticators: true}&#10;Session ID: c29e0133099a4eb60353dc3e505dcca7&#10;*** Element info: {Using=xpath, value=//span[text()=&apos;Take the Home Style Quiz&apos;]}" type="org.openqa.selenium.NoSuchElementException">org.openqa.selenium.NoSuchElementException: 
no such element: Unable to locate element: {"method":"xpath","selector":"//span[text()='Take the Home Style Quiz']"}
  (Session info: chrome=87.0.4280.88)
For documentation on this error, please visit: https://www.seleniumhq.org/exceptions/no_such_element.html
Build info: version: '3.141.59', revision: 'e82be7d358', time: '2018-11-14T08:17:03'
System info: host: 'DESKTOP-5AG83FG', ip: '192.168.1.105', os.name: 'Windows 10', os.arch: 'amd64', os.version: '10.0', java.version: '1.8.0_241'
Driver info: org.openqa.selenium.chrome.ChromeDriver
Capabilities {acceptInsecureCerts: false, browserName: chrome, browserVersion: 87.0.4280.88, chrome: {chromedriverVersion: 86.0.4240.22 (398b0743353ff..., userDataDir: C:\Users\Avinash\AppData\Lo...}, goog:chromeOptions: {debuggerAddress: localhost:51325}, javascriptEnabled: true, networkConnectionEnabled: false, pageLoadStrategy: normal, platform: WINDOWS, platformName: WINDOWS, proxy: Proxy(), setWindowRect: true, strictFileInteractability: false, timeouts: {implicit: 0, pageLoad: 300000, script: 30000}, unhandledPromptBehavior: dismiss and notify, webauthn:virtualAuthenticators: true}
Session ID: c29e0133099a4eb60353dc3e505dcca7
*** Element info: {Using=xpath, value=//span[text()='Take the Home Style Quiz']}
	at ihg.OnlineWebSite.aryal(OnlineWebSite.java:23)
</failure>
    <system-out><![CDATA[Amazon.com: Online Shopping for Electronics, Apparel, Computers, Books, DVDs & more
https://www.amazon.com/
]]></system-out>
    <system-err><![CDATA[Starting ChromeDriver 86.0.4240.22 (398b0743353ff36fb1b82468f63a3a93b4e2e89e-refs/branch-heads/4240@{#378}) on port 14043
Only local connections are allowed.
Please see https://chromedriver.chromium.org/security-considerations for suggestions on keeping ChromeDriver safe.
ChromeDriver was started successfully.
[1607307307.873][WARNING]: This version of ChromeDriver has not been tested with Chrome version 87.
Dec 07, 2020 7:45:09 AM org.openqa.selenium.remote.ProtocolHandshake createSession
INFO: Detected dialect: W3C
]]></system-err>
  </testcase>
</testsuite>