<?xml version="1.0" encoding="UTF-8"?>
<!-- Generated by org.testng.reporters.JUnitXMLReporter -->
<testsuite hostname="DESKTOP-5AG83FG" ignored="20" name="Test" tests="2" failures="0" timestamp="07 Dec 2020 02:15:06 GMT" time="11.474" errors="0">
  <testcase name="login" time="5.436" classname="ihg.TC02Test"/>
  <testcase name="ihg" time="6.031" classname="ihg.TC01Test"/>
  <testcase name="rama" time="0.0" classname="ihg.IHGJoinPageTest">
    <ignored/>
  </testcase> <!-- rama -->
  <testcase name="rama" time="0.0" classname="ihg.IHGJoinPageTest">
    <ignored/>
  </testcase> <!-- rama -->
  <testcase name="bala" time="0.0" classname="Attributes.InvoTest">
    <ignored/>
  </testcase> <!-- bala -->
  <testcase name="sai" time="0.0" classname="Attributes.InvoTest">
    <ignored/>
  </testcase> <!-- sai -->
  <testcase name="grapes" time="0.0" classname="ihg.PriAttributesTest">
    <ignored/>
  </testcase> <!-- grapes -->
  <testcase name="banana" time="0.0" classname="ihg.PriAttributesTest">
    <ignored/>
  </testcase> <!-- banana -->
  <testcase name="rama" time="0.0" classname="Attributes.InvoTest">
    <ignored/>
  </testcase> <!-- rama -->
  <testcase name="apple" time="0.0" classname="ihg.PriAttributesTest">
    <ignored/>
  </testcase> <!-- apple -->
  <testcase name="ram" time="0.0" classname="ihg.AjayDataProvider">
    <ignored/>
  </testcase> <!-- ram -->
  <testcase name="apple" time="0.0" classname="testcases.SimpleAnno">
    <ignored/>
  </testcase> <!-- apple -->
  <testcase name="one" time="0.0" classname="ihg.AttriTest">
    <ignored/>
  </testcase> <!-- one -->
  <testcase name="dragonfruit" time="0.0" classname="ihg.PriAttributesTest">
    <ignored/>
  </testcase> <!-- dragonfruit -->
  <testcase name="rama" time="0.0" classname="ihg.HandlingAlerts">
    <ignored/>
  </testcase> <!-- rama -->
  <testcase name="graphs" time="0.0" classname="testcases.SimpleAnno">
    <ignored/>
  </testcase> <!-- graphs -->
  <testcase name="rama" time="0.0" classname="htmlReports.FirstAuomationTest">
    <ignored/>
  </testcase> <!-- rama -->
  <testcase name="two" time="0.0" classname="ihg.AttriTest">
    <ignored/>
  </testcase> <!-- two -->
  <testcase name="three" time="0.0" classname="ihg.AttriTest">
    <ignored/>
  </testcase> <!-- three -->
  <testcase name="hari" time="0.0" classname="ihg.SampleTest">
    <ignored/>
  </testcase> <!-- hari -->
  <testcase name="five" time="0.0" classname="testcases.AnnotationsTestNG">
    <ignored/>
  </testcase> <!-- five -->
  <testcase name="balaji" time="0.0" classname="ihg.DataConceptTest">
    <ignored/>
  </testcase> <!-- balaji -->
</testsuite> <!-- Test -->
