<?xml version="1.0" encoding="UTF-8"?>
<testng-results skipped="0" failed="0" total="1" passed="1">
  <reporter-output>
  </reporter-output>
  <suite name="Default suite" duration-ms="19391" started-at="2020-11-28T11:23:28Z" finished-at="2020-11-28T11:23:48Z">
    <groups>
    </groups>
    <test name="Default test" duration-ms="19391" started-at="2020-11-28T11:23:28Z" finished-at="2020-11-28T11:23:48Z">
      <class name="htmlReports.FirstAuomationTest">
        <test-method status="PASS" signature="begin()[pri:0, instance:htmlReports.FirstAuomationTest@6debcae2]" name="begin" is-config="true" duration-ms="1190" started-at="2020-11-28T16:53:27Z" finished-at="2020-11-28T16:53:28Z">
          <reporter-output>
          </reporter-output>
        </test-method> <!-- begin -->
        <test-method status="PASS" signature="rama()[pri:0, instance:htmlReports.FirstAuomationTest@6debcae2]" name="rama" duration-ms="19386" started-at="2020-11-28T16:53:28Z" finished-at="2020-11-28T16:53:48Z">
          <reporter-output>
          </reporter-output>
        </test-method> <!-- rama -->
        <test-method status="PASS" signature="finalEnd()[pri:0, instance:htmlReports.FirstAuomationTest@6debcae2]" name="finalEnd" is-config="true" duration-ms="1419" started-at="2020-11-28T16:53:48Z" finished-at="2020-11-28T16:53:49Z">
          <reporter-output>
          </reporter-output>
        </test-method> <!-- finalEnd -->
      </class> <!-- htmlReports.FirstAuomationTest -->
    </test> <!-- Default test -->
  </suite> <!-- Default suite -->
</testng-results>
